<?xml version="1.0" encoding="UTF-8"?>
<!-- Generated by org.testng.reporters.JUnitReportReporter -->
<testsuite hostname="LAPTOP-5KMFOFH9" failures="0" tests="3" name="com.SwagLabs.Test.ProductPageTest" time="0.492" errors="0" timestamp="2022-11-28T20:00:04 IST" skipped="0">
  <testcase classname="com.SwagLabs.Test.ProductPageTest" name="verifyProductPageTitle" time="0.019"/>
  <system-out/>
  <testcase classname="com.SwagLabs.Test.ProductPageTest" name="verifyProductCount" time="0.036"/>
  <system-out/>
  <testcase classname="com.SwagLabs.Test.ProductPageTest" name="verifyAddProduct" time="0.437"/>
  <system-out/>
</testsuite> <!-- com.SwagLabs.Test.ProductPageTest -->
