<?xml version="1.0" encoding="UTF-8"?>
<!-- Generated by org.testng.reporters.JUnitReportReporter -->
<testsuite hostname="LAPTOP-5KMFOFH9" failures="0" tests="3" name="com.SwagLabs.Test.LoginPageTest" time="0.563" errors="0" timestamp="2022-11-23T22:35:44 IST" skipped="0">
  <testcase classname="com.SwagLabs.Test.LoginPageTest" name="verifyCurrentUrl" time="0.022"/>
  <system-out/>
  <testcase classname="com.SwagLabs.Test.LoginPageTest" name="verifyLogin" time="0.512"/>
  <system-out/>
  <testcase classname="com.SwagLabs.Test.LoginPageTest" name="verifyTitle" time="0.029"/>
  <system-out/>
</testsuite> <!-- com.SwagLabs.Test.LoginPageTest -->
