<?xml version="1.0" encoding="UTF-8"?>
<!-- Generated by org.testng.reporters.JUnitReportReporter -->
<testsuite hostname="LAPTOP-5KMFOFH9" failures="0" tests="4" name="com.SwagLabs.Test.AddToCartPageTest" time="0.106" errors="0" timestamp="2022-11-28T20:08:59 IST" skipped="2">
  <testcase classname="com.SwagLabs.Test.AddToCartPageTest" name="verifyTitle" time="0.017"/>
  <system-out/>
  <testcase classname="com.SwagLabs.Test.AddToCartPageTest" name="verifyCheckOutProcess" time="0.089"/>
  <system-out/>
  <testcase classname="com.SwagLabs.Test.AddToCartPageTest" name="verifyRemoveProduct">
    <skipped/>
  </testcase> <!-- verifyRemoveProduct -->
  <system-out/>
  <testcase classname="com.SwagLabs.Test.AddToCartPageTest" name="verifyContinueShoopingProcess">
    <skipped/>
  </testcase> <!-- verifyContinueShoopingProcess -->
  <system-out/>
</testsuite> <!-- com.SwagLabs.Test.AddToCartPageTest -->
