<?xml version="1.0" encoding="UTF-8"?>
<!-- Generated by org.testng.reporters.JUnitReportReporter -->
<testsuite hostname="LAPTOP-5KMFOFH9" failures="0" tests="1" name="com.SwagLabs.Test.CheckOutPageTest" time="0.437" errors="0" timestamp="2022-11-28T20:23:22 IST" skipped="0">
  <testcase classname="com.SwagLabs.Test.CheckOutPageTest" name="VerifyCheckoutProcess" time="0.437"/>
  <system-out/>
</testsuite> <!-- com.SwagLabs.Test.CheckOutPageTest -->
