<?xml version="1.0" encoding="UTF-8"?>
<!-- Generated by org.testng.reporters.JUnitReportReporter -->
<testsuite hostname="LAPTOP-5KMFOFH9" failures="0" tests="2" name="com.SwagLabs.Test.OraderDescriptionPageTest" time="2.296" errors="0" timestamp="2022-11-29T21:17:08 IST" skipped="0">
  <testcase classname="com.SwagLabs.Test.OraderDescriptionPageTest" name="verifyProductInfo" time="0.100"/>
  <system-out/>
  <testcase classname="com.SwagLabs.Test.OraderDescriptionPageTest" name="doFinishProcess" time="2.196"/>
  <system-out/>
</testsuite> <!-- com.SwagLabs.Test.OraderDescriptionPageTest -->
